============================================================
Module 1 Example 1.3: Packages and Namespaces
============================================================

1. Using enum type from package:
   Initial state: IDLE
   Active state: ACTIVE

2. Using struct type from package:
   Transaction: addr=0x100, data=0xdeadbeef, valid=1

3. Using functions from package:
   Address 0x0100 is valid: 1
   Address 0x2000 is valid: 0
   Checksum of 0xDEADBEEF: 0x22

4. Using constants from package:
   MAX_TRANSACTIONS: 100
   TIMEOUT_CYCLES: 1000

5. Using task from package:
   Condition met after wait

============================================================
Example completed successfully!
============================================================
- package_example.sv:128: Verilog $finish
